{INFO} myBankApp.main.bankAppMain	Welcome to the BankApp! Do you already have an account with us? 2021-01-13 13:30:01,526 
{INFO} myBankApp.main.bankAppMain	Enter "1" for yes, "2" for no, or "3" to Exit 2021-01-13 13:30:01,527 
{INFO} myBankApp.main.bankAppMain	Are you an employee or customer? Press "1" for Customer or Press "2" for Employee 2021-01-13 13:30:10,198 
{INFO} myBankApp.main.bankAppMain	What is your username? 2021-01-13 13:30:28,741 
{INFO} myBankApp.main.bankAppMain	What is your password? 2021-01-13 13:30:31,133 
{INFO} myBankApp.dao.impl.bankCustomerDAOImpl	Login succeeded! Welcome, Rex. 2021-01-13 13:30:34,428 
{INFO} myBankApp.dao.impl.bankCustomerDAOImpl	 2021-01-13 13:30:34,431 
{INFO} myBankApp.dao.impl.bankCustomerDAOImpl	_____________________ 2021-01-13 13:30:34,431 
{INFO} myBankApp.dao.impl.bankCustomerDAOImpl	1 2021-01-13 13:30:34,431 
{INFO} myBankApp.dao.impl.bankCustomerDAOImpl	_____________________ 2021-01-13 13:30:34,431 
{INFO} myBankApp.dao.impl.bankCustomerDAOImpl	 2021-01-13 13:30:34,431 
{INFO} myBankApp.dao.impl.bankCustomerDAOImpl	Which of these accounts are you looking into? 2021-01-13 13:30:34,432 
{INFO} myBankApp.dao.impl.bankCustomerDAOImpl	 2021-01-13 13:30:46,189 
{INFO} myBankApp.main.bankAppMain	Hello! Here is the Option Menu!:
1) Deposit into account
2) Withdraw from account
3) Post Transfer
4) Accept Transfer
5) Exit 2021-01-13 13:30:46,190 
{INFO} myBankApp.main.bankAppMain	What is the transfer number? 2021-01-13 13:31:12,878 
{INFO} myBankApp.dao.impl.bankCustomerDAOImpl	org.postgresql.util.PSQLException: ResultSet not positioned properly, perhaps you need to call next. 2021-01-13 13:31:30,041 
{INFO} myBankApp.main.bankAppMain	Hello! Here is the Option Menu!:
1) Deposit into account
2) Withdraw from account
3) Post Transfer
4) Accept Transfer
5) Exit 2021-01-13 13:31:30,041 
{INFO} myBankApp.main.bankAppMain	Which account are we sending to? 2021-01-13 13:31:44,055 
{INFO} myBankApp.dao.impl.bankCustomerDAOImpl	What is the amount being sent? 2021-01-13 13:32:00,746 
{INFO} myBankApp.dao.impl.bankCustomerDAOImpl	The transfer has been initiated. It will be waiting for acceptance. 2021-01-13 13:32:05,658 
{INFO} myBankApp.dao.impl.bankCustomerDAOImpl	 2021-01-13 13:32:05,658 
{INFO} myBankApp.main.bankAppMain	Hello! Here is the Option Menu!:
1) Deposit into account
2) Withdraw from account
3) Post Transfer
4) Accept Transfer
5) Exit 2021-01-13 13:32:05,658 
{INFO} myBankApp.main.bankAppMain	Exiting... 2021-01-13 13:32:18,949 
{INFO} myBankApp.main.bankAppMain	Welcome to the BankApp! Do you already have an account with us? 2021-01-13 13:32:18,949 
{INFO} myBankApp.main.bankAppMain	Enter "1" for yes, "2" for no, or "3" to Exit 2021-01-13 13:32:18,949 
{INFO} myBankApp.main.bankAppMain	Are you an employee or customer? Press "1" for Customer or Press "2" for Employee 2021-01-13 13:32:28,789 
{INFO} myBankApp.main.bankAppMain	What is your username? 2021-01-13 13:32:32,949 
{INFO} myBankApp.main.bankAppMain	What is your password? 2021-01-13 13:32:39,302 
{INFO} myBankApp.dao.impl.bankEmployeeDAOImpl	Login succeeded! Welcome, Bank 2021-01-13 13:32:43,280 
{INFO} myBankApp.main.bankAppMain	Another day, another dollar! Here is the Option Menu!:
1) Create User
2) Create Account
3) Delete User
4) Delete Account
5) View Accounts  
6) Accept/Reject Pending Accounts
7) View Transaction(s)
8) View All Transactions 
9) Exit 2021-01-13 13:32:43,280 
{INFO} myBankApp.main.bankAppMain	The transaction(s) you are looking for are under which account? 2021-01-13 13:33:17,142 
{INFO} myBankApp.main.bankAppMain	[Transaction [Transaction Number: 2, Transaction Type: Withdrawl, Sender: 2, Recipient: 1, Amount: 100.0, Date: 2021-01-10, Status: Completed ]
, Transaction [Transaction Number: 3, Transaction Type: Deposit, Sender: 1, Recipient: 2, Amount: 500.0, Date: 2021-01-11, Status: Completed ]
, Transaction [Transaction Number: 4, Transaction Type: Transfer, Sender: 1, Recipient: 2, Amount: 100.0, Date: 2021-01-12, Status: Pending ]
, Transaction [Transaction Number: 31, Transaction Type: Transfer, Sender: 1, Recipient: 2, Amount: 100.0, Date: 2021-01-13, Status: Pending ]
] 2021-01-13 13:33:33,626 
{INFO} myBankApp.main.bankAppMain	Another day, another dollar! Here is the Option Menu!:
1) Create User
2) Create Account
3) Delete User
4) Delete Account
5) View Accounts  
6) Accept/Reject Pending Accounts
7) View Transaction(s)
8) View All Transactions 
9) Exit 2021-01-13 13:33:33,628 
{INFO} myBankApp.main.bankAppMain	Okay, exiting now... 2021-01-13 13:34:15,077 
{INFO} myBankApp.main.bankAppMain	Welcome to the BankApp! Do you already have an account with us? 2021-01-13 13:34:15,078 
{INFO} myBankApp.main.bankAppMain	Enter "1" for yes, "2" for no, or "3" to Exit 2021-01-13 13:34:15,078 
{INFO} myBankApp.main.bankAppMain	Exiting... Have a good day!... 2021-01-13 13:34:20,230 
{INFO} myBankApp.main.bankAppMain	Welcome to the BankApp! Do you already have an account with us? 2021-01-13 13:34:39,834 
{INFO} myBankApp.main.bankAppMain	Enter "1" for yes, "2" for no, or "3" to Exit 2021-01-13 13:34:39,834 
{INFO} myBankApp.main.bankAppMain	Are you an employee or customer? Press "1" for Customer or Press "2" for Employee 2021-01-13 13:34:47,486 
{INFO} myBankApp.main.bankAppMain	What is your username? 2021-01-13 13:34:50,310 
{INFO} myBankApp.main.bankAppMain	What is your password? 2021-01-13 13:34:54,998 
{INFO} myBankApp.dao.impl.bankCustomerDAOImpl	Login succeeded! Welcome, Rex. 2021-01-13 13:34:59,287 
{INFO} myBankApp.dao.impl.bankCustomerDAOImpl	 2021-01-13 13:34:59,289 
{INFO} myBankApp.dao.impl.bankCustomerDAOImpl	_____________________ 2021-01-13 13:34:59,289 
{INFO} myBankApp.dao.impl.bankCustomerDAOImpl	1 2021-01-13 13:34:59,289 
{INFO} myBankApp.dao.impl.bankCustomerDAOImpl	_____________________ 2021-01-13 13:34:59,289 
{INFO} myBankApp.dao.impl.bankCustomerDAOImpl	 2021-01-13 13:34:59,289 
{INFO} myBankApp.dao.impl.bankCustomerDAOImpl	Which of these accounts are you looking into? 2021-01-13 13:34:59,289 
{INFO} myBankApp.dao.impl.bankCustomerDAOImpl	 2021-01-13 13:35:12,301 
{INFO} myBankApp.main.bankAppMain	Hello! Here is the Option Menu!:
1) Deposit into account
2) Withdraw from account
3) Post Transfer
4) Accept Transfer
5) Exit 2021-01-13 13:35:12,302 
{INFO} myBankApp.main.bankAppMain	How much are we withdrawing from the account? 2021-01-13 13:35:23,686 
{INFO} myBankApp.dao.impl.bankCustomerDAOImpl	Transaction completed. 2021-01-13 13:35:31,379 
{INFO} myBankApp.main.bankAppMain	Error in the withdrawing 2021-01-13 13:35:31,394 
{INFO} myBankApp.main.bankAppMain	Hello! Here is the Option Menu!:
1) Deposit into account
2) Withdraw from account
3) Post Transfer
4) Accept Transfer
5) Exit 2021-01-13 13:35:31,394 
{INFO} myBankApp.main.bankAppMain	How much are we withdrawing from the account? 2021-01-13 13:36:03,758 
{INFO} myBankApp.dao.impl.bankCustomerDAOImpl	Transaction completed. 2021-01-13 13:36:11,753 
{INFO} myBankApp.main.bankAppMain	Error in the withdrawing 2021-01-13 13:36:11,756 
{INFO} myBankApp.main.bankAppMain	Hello! Here is the Option Menu!:
1) Deposit into account
2) Withdraw from account
3) Post Transfer
4) Accept Transfer
5) Exit 2021-01-13 13:36:11,756 
{INFO} myBankApp.main.bankAppMain	Welcome to the BankApp! Do you already have an account with us? 2021-01-13 13:39:14,801 
{INFO} myBankApp.main.bankAppMain	Enter "1" for yes, "2" for no, or "3" to Exit 2021-01-13 13:39:14,802 
{INFO} myBankApp.main.bankAppMain	Let's get an account set up for you 2021-01-13 13:39:25,895 
{INFO} myBankApp.main.bankAppMain	What is your username going to be? 2021-01-13 13:39:25,896 
{INFO} myBankApp.main.bankAppMain	What is your password going to be 2021-01-13 13:39:38,446 
{INFO} myBankApp.main.bankAppMain	What is your E-mail address? Enter a valid email 2021-01-13 13:39:43,613 
{INFO} myBankApp.main.bankAppMain	What is your E-mail address? Enter a valid email 2021-01-13 13:39:50,671 
{INFO} myBankApp.dao.impl.bankCustomerDAOImpl	Sender account has been updated! 2021-01-13 13:41:21,821 
{INFO} myBankApp.dao.impl.bankCustomerDAOImpl	Recipient account has been updated! 2021-01-13 13:41:21,824 
{INFO} myBankApp.dao.impl.bankCustomerDAOImpl	Transfer has been completed! 2021-01-13 13:41:21,827 
{INFO} myBankApp.dao.impl.bankCustomerDAOImpl	Login succeeded! Welcome, Rex. 2021-01-13 13:41:21,978 
{INFO} myBankApp.dao.impl.bankCustomerDAOImpl	 2021-01-13 13:41:21,980 
{INFO} myBankApp.dao.impl.bankCustomerDAOImpl	_____________________ 2021-01-13 13:41:21,980 
{INFO} myBankApp.dao.impl.bankCustomerDAOImpl	1 2021-01-13 13:41:21,980 
{INFO} myBankApp.dao.impl.bankCustomerDAOImpl	_____________________ 2021-01-13 13:41:21,980 
{INFO} myBankApp.dao.impl.bankCustomerDAOImpl	 2021-01-13 13:41:21,981 
{INFO} myBankApp.dao.impl.bankCustomerDAOImpl	Which of these accounts are you looking into? 2021-01-13 13:41:21,981 
{INFO} myBankApp.dao.impl.bankCustomerDAOImpl	 2021-01-13 13:41:35,375 
{INFO} myBankApp.dao.impl.bankEmployeeDAOImpl	The account has been created. It will be waiting for approval by an employee. 2021-01-13 13:42:14,018 
{INFO} myBankApp.dao.impl.bankEmployeeDAOImpl	Your account number is: 0 2021-01-13 13:42:14,018 
{INFO} myBankApp.dao.impl.bankEmployeeDAOImpl	The account has been deleted 2021-01-13 13:42:14,082 
{INFO} myBankApp.dao.impl.bankEmployeeDAOImpl	Congratulations! You successfully created an account! 2021-01-13 13:42:14,136 
{INFO} myBankApp.dao.impl.bankEmployeeDAOImpl	You successfully deleted the user. 2021-01-13 13:42:14,289 
{INFO} myBankApp.dao.impl.bankEmployeeDAOImpl	The account has been created. It will be waiting for approval by an employee. 2021-01-13 13:45:53,278 
{INFO} myBankApp.dao.impl.bankEmployeeDAOImpl	Your account number is: 0 2021-01-13 13:45:53,279 
{INFO} myBankApp.dao.impl.bankEmployeeDAOImpl	The account has been deleted 2021-01-13 13:45:53,431 
{INFO} myBankApp.dao.impl.bankEmployeeDAOImpl	Congratulations! You successfully created an account! 2021-01-13 13:45:53,485 
{INFO} myBankApp.dao.impl.bankEmployeeDAOImpl	You successfully deleted the user. 2021-01-13 13:45:53,632 
{INFO} myBankApp.dao.impl.bankCustomerDAOImpl	Sender account has been updated! 2021-01-13 13:48:48,844 
{INFO} myBankApp.dao.impl.bankCustomerDAOImpl	Recipient account has been updated! 2021-01-13 13:48:48,845 
{INFO} myBankApp.dao.impl.bankCustomerDAOImpl	Transfer has been completed! 2021-01-13 13:48:48,848 
{INFO} myBankApp.dao.impl.bankCustomerDAOImpl	Login succeeded! Welcome, Rex. 2021-01-13 13:48:48,891 
{INFO} myBankApp.dao.impl.bankCustomerDAOImpl	 2021-01-13 13:48:48,892 
{INFO} myBankApp.dao.impl.bankCustomerDAOImpl	_____________________ 2021-01-13 13:48:48,893 
{INFO} myBankApp.dao.impl.bankCustomerDAOImpl	1 2021-01-13 13:48:48,893 
{INFO} myBankApp.dao.impl.bankCustomerDAOImpl	_____________________ 2021-01-13 13:48:48,893 
{INFO} myBankApp.dao.impl.bankCustomerDAOImpl	 2021-01-13 13:48:48,893 
{INFO} myBankApp.dao.impl.bankCustomerDAOImpl	Which of these accounts are you looking into? 2021-01-13 13:48:48,893 
{INFO} myBankApp.dao.impl.bankCustomerDAOImpl	 2021-01-13 13:49:25,366 
{INFO} myBankApp.dao.impl.bankCustomerDAOImpl	Sender account has been updated! 2021-01-13 13:54:15,097 
{INFO} myBankApp.dao.impl.bankCustomerDAOImpl	Recipient account has been updated! 2021-01-13 13:54:15,099 
{INFO} myBankApp.dao.impl.bankCustomerDAOImpl	Transfer has been completed! 2021-01-13 13:54:15,103 
{INFO} myBankApp.dao.impl.bankCustomerDAOImpl	Login succeeded! Welcome, Rex. 2021-01-13 13:54:15,149 
{INFO} myBankApp.dao.impl.bankCustomerDAOImpl	 2021-01-13 13:54:15,151 
{INFO} myBankApp.dao.impl.bankCustomerDAOImpl	_____________________ 2021-01-13 13:54:15,151 
{INFO} myBankApp.dao.impl.bankCustomerDAOImpl	1 2021-01-13 13:54:15,151 
{INFO} myBankApp.dao.impl.bankCustomerDAOImpl	_____________________ 2021-01-13 13:54:15,151 
{INFO} myBankApp.dao.impl.bankCustomerDAOImpl	 2021-01-13 13:54:15,151 
{INFO} myBankApp.dao.impl.bankCustomerDAOImpl	Which of these accounts are you looking into? 2021-01-13 13:54:15,151 
{INFO} myBankApp.dao.impl.bankCustomerDAOImpl	 2021-01-13 13:54:19,671 
{INFO} myBankApp.dao.impl.bankCustomerDAOImpl	Sender account has been updated! 2021-01-13 14:22:08,209 
{INFO} myBankApp.dao.impl.bankCustomerDAOImpl	Recipient account has been updated! 2021-01-13 14:22:08,210 
{INFO} myBankApp.dao.impl.bankCustomerDAOImpl	Transfer has been completed! 2021-01-13 14:22:08,215 
{INFO} myBankApp.dao.impl.bankCustomerDAOImpl	Login succeeded! Welcome, Rex. 2021-01-13 14:22:08,261 
{INFO} myBankApp.dao.impl.bankCustomerDAOImpl	 2021-01-13 14:22:08,263 
{INFO} myBankApp.dao.impl.bankCustomerDAOImpl	_____________________ 2021-01-13 14:22:08,263 
{INFO} myBankApp.dao.impl.bankCustomerDAOImpl	1 2021-01-13 14:22:08,263 
{INFO} myBankApp.dao.impl.bankCustomerDAOImpl	_____________________ 2021-01-13 14:22:08,263 
{INFO} myBankApp.dao.impl.bankCustomerDAOImpl	 2021-01-13 14:22:08,263 
{INFO} myBankApp.dao.impl.bankCustomerDAOImpl	Which of these accounts are you looking into? 2021-01-13 14:22:08,264 
{INFO} myBankApp.dao.impl.bankCustomerDAOImpl	 2021-01-13 14:22:20,097 
{INFO} myBankApp.dao.impl.bankCustomerDAOImpl	Sender account has been updated! 2021-01-13 14:26:52,425 
{INFO} myBankApp.dao.impl.bankCustomerDAOImpl	Recipient account has been updated! 2021-01-13 14:26:52,426 
{INFO} myBankApp.dao.impl.bankCustomerDAOImpl	Transfer has been completed! 2021-01-13 14:26:52,429 
{INFO} myBankApp.dao.impl.bankCustomerDAOImpl	Login succeeded! Welcome, Rex. 2021-01-13 14:26:52,475 
{INFO} myBankApp.dao.impl.bankCustomerDAOImpl	 2021-01-13 14:26:52,477 
{INFO} myBankApp.dao.impl.bankCustomerDAOImpl	_____________________ 2021-01-13 14:26:52,477 
{INFO} myBankApp.dao.impl.bankCustomerDAOImpl	1 2021-01-13 14:26:52,478 
{INFO} myBankApp.dao.impl.bankCustomerDAOImpl	_____________________ 2021-01-13 14:26:52,478 
{INFO} myBankApp.dao.impl.bankCustomerDAOImpl	 2021-01-13 14:26:52,478 
{INFO} myBankApp.dao.impl.bankCustomerDAOImpl	Which of these accounts are you looking into? 2021-01-13 14:26:52,478 
{INFO} myBankApp.dao.impl.bankCustomerDAOImpl	 2021-01-13 14:26:59,417 
{INFO} myBankApp.dao.impl.bankCustomerDAOImpl	Sender account has been updated! 2021-01-13 14:27:58,653 
{INFO} myBankApp.dao.impl.bankCustomerDAOImpl	Recipient account has been updated! 2021-01-13 14:27:58,655 
{INFO} myBankApp.dao.impl.bankCustomerDAOImpl	Transfer has been completed! 2021-01-13 14:27:58,658 
{INFO} myBankApp.dao.impl.bankCustomerDAOImpl	Login succeeded! Welcome, Rex. 2021-01-13 14:27:58,708 
{INFO} myBankApp.dao.impl.bankCustomerDAOImpl	 2021-01-13 14:27:58,709 
{INFO} myBankApp.dao.impl.bankCustomerDAOImpl	_____________________ 2021-01-13 14:27:58,710 
{INFO} myBankApp.dao.impl.bankCustomerDAOImpl	1 2021-01-13 14:27:58,710 
{INFO} myBankApp.dao.impl.bankCustomerDAOImpl	_____________________ 2021-01-13 14:27:58,710 
{INFO} myBankApp.dao.impl.bankCustomerDAOImpl	 2021-01-13 14:27:58,710 
{INFO} myBankApp.dao.impl.bankCustomerDAOImpl	Which of these accounts are you looking into? 2021-01-13 14:27:58,710 
{INFO} myBankApp.dao.impl.bankCustomerDAOImpl	 2021-01-13 14:28:03,729 
{INFO} myBankApp.dao.impl.bankCustomerDAOImpl	What is the amount being sent? 2021-01-13 14:28:03,843 
{INFO} myBankApp.dao.impl.bankCustomerDAOImpl	Transaction completed. 2021-01-13 14:28:19,560 
{INFO} myBankApp.dao.impl.bankCustomerDAOImpl	Sender account has been updated! 2021-01-13 14:28:19,663 
{INFO} myBankApp.dao.impl.bankCustomerDAOImpl	Recipient account has been updated! 2021-01-13 14:28:19,664 
{INFO} myBankApp.dao.impl.bankCustomerDAOImpl	Transfer has been completed! 2021-01-13 14:28:19,665 
{INFO} myBankApp.dao.impl.bankCustomerDAOImpl	Login succeeded! Welcome, Rex. 2021-01-13 14:28:19,717 
{INFO} myBankApp.dao.impl.bankCustomerDAOImpl	 2021-01-13 14:28:19,719 
{INFO} myBankApp.dao.impl.bankCustomerDAOImpl	_____________________ 2021-01-13 14:28:19,719 
{INFO} myBankApp.dao.impl.bankCustomerDAOImpl	1 2021-01-13 14:28:19,719 
{INFO} myBankApp.dao.impl.bankCustomerDAOImpl	_____________________ 2021-01-13 14:28:19,720 
{INFO} myBankApp.dao.impl.bankCustomerDAOImpl	 2021-01-13 14:28:19,720 
{INFO} myBankApp.dao.impl.bankCustomerDAOImpl	Which of these accounts are you looking into? 2021-01-13 14:28:19,720 
{INFO} myBankApp.dao.impl.bankCustomerDAOImpl	 2021-01-13 14:28:34,536 
{INFO} myBankApp.dao.impl.bankCustomerDAOImpl	What is the amount being sent? 2021-01-13 14:28:34,647 
{INFO} myBankApp.dao.impl.bankCustomerDAOImpl	The transfer has been initiated. It will be waiting for acceptance. 2021-01-13 14:28:39,923 
{INFO} myBankApp.dao.impl.bankCustomerDAOImpl	 2021-01-13 14:28:39,923 
{INFO} myBankApp.dao.impl.bankCustomerDAOImpl	Transaction completed. 2021-01-13 14:30:38,893 
{INFO} myBankApp.dao.impl.bankCustomerDAOImpl	Sender account has been updated! 2021-01-13 14:30:38,978 
{INFO} myBankApp.dao.impl.bankCustomerDAOImpl	Recipient account has been updated! 2021-01-13 14:30:38,979 
{INFO} myBankApp.dao.impl.bankCustomerDAOImpl	Transfer has been completed! 2021-01-13 14:30:38,980 
{INFO} myBankApp.dao.impl.bankCustomerDAOImpl	Login succeeded! Welcome, Rex. 2021-01-13 14:30:39,025 
{INFO} myBankApp.dao.impl.bankCustomerDAOImpl	 2021-01-13 14:30:39,026 
{INFO} myBankApp.dao.impl.bankCustomerDAOImpl	_____________________ 2021-01-13 14:30:39,026 
{INFO} myBankApp.dao.impl.bankCustomerDAOImpl	1 2021-01-13 14:30:39,026 
{INFO} myBankApp.dao.impl.bankCustomerDAOImpl	_____________________ 2021-01-13 14:30:39,026 
{INFO} myBankApp.dao.impl.bankCustomerDAOImpl	 2021-01-13 14:30:39,026 
{INFO} myBankApp.dao.impl.bankCustomerDAOImpl	Which of these accounts are you looking into? 2021-01-13 14:30:39,026 
{INFO} myBankApp.dao.impl.bankCustomerDAOImpl	 2021-01-13 14:30:43,186 
{INFO} myBankApp.dao.impl.bankCustomerDAOImpl	What is the amount being sent? 2021-01-13 14:30:43,273 
{INFO} myBankApp.dao.impl.bankCustomerDAOImpl	The transfer has been initiated. It will be waiting for acceptance. 2021-01-13 14:30:46,165 
{INFO} myBankApp.dao.impl.bankCustomerDAOImpl	 2021-01-13 14:30:46,165 
{INFO} myBankApp.dao.impl.bankCustomerDAOImpl	Transaction completed. 2021-01-13 14:35:48,630 
{INFO} myBankApp.dao.impl.bankCustomerDAOImpl	Sender account has been updated! 2021-01-13 14:35:48,721 
{INFO} myBankApp.dao.impl.bankCustomerDAOImpl	Recipient account has been updated! 2021-01-13 14:35:48,722 
{INFO} myBankApp.dao.impl.bankCustomerDAOImpl	Transfer has been completed! 2021-01-13 14:35:48,723 
{INFO} myBankApp.dao.impl.bankCustomerDAOImpl	Login succeeded! Welcome, Rex. 2021-01-13 14:35:48,767 
{INFO} myBankApp.dao.impl.bankCustomerDAOImpl	 2021-01-13 14:35:48,769 
{INFO} myBankApp.dao.impl.bankCustomerDAOImpl	_____________________ 2021-01-13 14:35:48,769 
{INFO} myBankApp.dao.impl.bankCustomerDAOImpl	1 2021-01-13 14:35:48,769 
{INFO} myBankApp.dao.impl.bankCustomerDAOImpl	_____________________ 2021-01-13 14:35:48,769 
{INFO} myBankApp.dao.impl.bankCustomerDAOImpl	 2021-01-13 14:35:48,769 
{INFO} myBankApp.dao.impl.bankCustomerDAOImpl	Which of these accounts are you looking into? 2021-01-13 14:35:48,769 
{INFO} myBankApp.dao.impl.bankCustomerDAOImpl	 2021-01-13 14:35:57,329 
{INFO} myBankApp.dao.impl.bankCustomerDAOImpl	What is the amount being sent? 2021-01-13 14:35:57,430 
{INFO} myBankApp.dao.impl.bankCustomerDAOImpl	The transfer has been initiated. It will be waiting for acceptance. 2021-01-13 14:36:02,972 
{INFO} myBankApp.dao.impl.bankCustomerDAOImpl	 2021-01-13 14:36:02,972 
{INFO} myBankApp.dao.impl.bankCustomerDAOImpl	Transaction completed. 2021-01-13 14:40:22,383 
{INFO} myBankApp.dao.impl.bankCustomerDAOImpl	Sender account has been updated! 2021-01-13 14:40:22,489 
{INFO} myBankApp.dao.impl.bankCustomerDAOImpl	Recipient account has been updated! 2021-01-13 14:40:22,490 
{INFO} myBankApp.dao.impl.bankCustomerDAOImpl	Transfer has been completed! 2021-01-13 14:40:22,492 
{INFO} myBankApp.dao.impl.bankCustomerDAOImpl	Login succeeded! Welcome, Rex. 2021-01-13 14:40:22,541 
{INFO} myBankApp.dao.impl.bankCustomerDAOImpl	 2021-01-13 14:40:22,543 
{INFO} myBankApp.dao.impl.bankCustomerDAOImpl	_____________________ 2021-01-13 14:40:22,543 
{INFO} myBankApp.dao.impl.bankCustomerDAOImpl	1 2021-01-13 14:40:22,543 
{INFO} myBankApp.dao.impl.bankCustomerDAOImpl	_____________________ 2021-01-13 14:40:22,544 
{INFO} myBankApp.dao.impl.bankCustomerDAOImpl	 2021-01-13 14:40:22,544 
{INFO} myBankApp.dao.impl.bankCustomerDAOImpl	Which of these accounts are you looking into? 2021-01-13 14:40:22,544 
{INFO} myBankApp.dao.impl.bankCustomerDAOImpl	 2021-01-13 14:40:28,473 
{INFO} myBankApp.dao.impl.bankCustomerDAOImpl	What is the amount being sent? 2021-01-13 14:40:28,675 
{INFO} myBankApp.dao.impl.bankCustomerDAOImpl	The transfer has been initiated. It will be waiting for acceptance. 2021-01-13 14:40:35,309 
{INFO} myBankApp.dao.impl.bankCustomerDAOImpl	 2021-01-13 14:40:35,309 
{INFO} myBankApp.dao.impl.bankCustomerDAOImpl	Transaction completed. 2021-01-13 14:46:44,195 
{INFO} myBankApp.dao.impl.bankCustomerDAOImpl	Sender account has been updated! 2021-01-13 14:46:44,282 
{INFO} myBankApp.dao.impl.bankCustomerDAOImpl	Recipient account has been updated! 2021-01-13 14:46:44,283 
{INFO} myBankApp.dao.impl.bankCustomerDAOImpl	Transfer has been completed! 2021-01-13 14:46:44,284 
{INFO} myBankApp.dao.impl.bankCustomerDAOImpl	Login succeeded! Welcome, Rex. 2021-01-13 14:46:44,328 
{INFO} myBankApp.dao.impl.bankCustomerDAOImpl	 2021-01-13 14:46:44,330 
{INFO} myBankApp.dao.impl.bankCustomerDAOImpl	_____________________ 2021-01-13 14:46:44,330 
{INFO} myBankApp.dao.impl.bankCustomerDAOImpl	1 2021-01-13 14:46:44,330 
{INFO} myBankApp.dao.impl.bankCustomerDAOImpl	_____________________ 2021-01-13 14:46:44,330 
{INFO} myBankApp.dao.impl.bankCustomerDAOImpl	 2021-01-13 14:46:44,330 
{INFO} myBankApp.dao.impl.bankCustomerDAOImpl	Which of these accounts are you looking into? 2021-01-13 14:46:44,330 
{INFO} myBankApp.dao.impl.bankCustomerDAOImpl	 2021-01-13 14:47:00,666 
{INFO} myBankApp.dao.impl.bankCustomerDAOImpl	What is the amount being sent? 2021-01-13 14:47:00,766 
{INFO} myBankApp.dao.impl.bankCustomerDAOImpl	The transfer has been initiated. It will be waiting for acceptance. 2021-01-13 14:47:03,469 
{INFO} myBankApp.dao.impl.bankCustomerDAOImpl	 2021-01-13 14:47:03,469 
{INFO} myBankApp.dao.impl.bankCustomerDAOImpl	Transaction completed. 2021-01-13 14:50:40,082 
{INFO} myBankApp.dao.impl.bankCustomerDAOImpl	org.postgresql.util.PSQLException: ERROR: insert or update on table "transactions" violates foreign key constraint "transactions_fk"
  Detail: Key (sender)=(0) is not present in table "accounts". 2021-01-13 14:50:40,097 
{INFO} myBankApp.dao.impl.bankCustomerDAOImpl	Sender account has been updated! 2021-01-13 14:50:40,189 
{INFO} myBankApp.dao.impl.bankCustomerDAOImpl	Recipient account has been updated! 2021-01-13 14:50:40,190 
{INFO} myBankApp.dao.impl.bankCustomerDAOImpl	Transfer has been completed! 2021-01-13 14:50:40,191 
{INFO} myBankApp.dao.impl.bankCustomerDAOImpl	Login succeeded! Welcome, Rex. 2021-01-13 14:50:40,248 
{INFO} myBankApp.dao.impl.bankCustomerDAOImpl	 2021-01-13 14:50:40,250 
{INFO} myBankApp.dao.impl.bankCustomerDAOImpl	_____________________ 2021-01-13 14:50:40,250 
{INFO} myBankApp.dao.impl.bankCustomerDAOImpl	1 2021-01-13 14:50:40,250 
{INFO} myBankApp.dao.impl.bankCustomerDAOImpl	_____________________ 2021-01-13 14:50:40,250 
{INFO} myBankApp.dao.impl.bankCustomerDAOImpl	 2021-01-13 14:50:40,250 
{INFO} myBankApp.dao.impl.bankCustomerDAOImpl	Which of these accounts are you looking into? 2021-01-13 14:50:40,250 
{INFO} myBankApp.dao.impl.bankCustomerDAOImpl	 2021-01-13 14:50:48,617 
{INFO} myBankApp.dao.impl.bankCustomerDAOImpl	org.postgresql.util.PSQLException: ERROR: insert or update on table "transactions" violates foreign key constraint "transactions_fk_1"
  Detail: Key (recipient)=(0) is not present in table "accounts". 2021-01-13 14:50:48,668 
{INFO} myBankApp.dao.impl.bankCustomerDAOImpl	What is the amount being sent? 2021-01-13 14:50:48,812 
{INFO} myBankApp.dao.impl.bankCustomerDAOImpl	The transfer has been initiated. It will be waiting for acceptance. 2021-01-13 14:50:59,677 
{INFO} myBankApp.dao.impl.bankCustomerDAOImpl	 2021-01-13 14:50:59,677 
{INFO} myBankApp.dao.impl.bankCustomerDAOImpl	Transaction completed. 2021-01-13 14:51:55,015 
{INFO} myBankApp.dao.impl.bankCustomerDAOImpl	Transaction has been logged. 2021-01-13 14:51:55,020 
{INFO} myBankApp.dao.impl.bankCustomerDAOImpl	Sender account has been updated! 2021-01-13 14:51:55,091 
{INFO} myBankApp.dao.impl.bankCustomerDAOImpl	Recipient account has been updated! 2021-01-13 14:51:55,091 
{INFO} myBankApp.dao.impl.bankCustomerDAOImpl	Transfer has been completed! 2021-01-13 14:51:55,092 
{INFO} myBankApp.dao.impl.bankCustomerDAOImpl	Login succeeded! Welcome, Rex. 2021-01-13 14:51:55,135 
{INFO} myBankApp.dao.impl.bankCustomerDAOImpl	 2021-01-13 14:51:55,137 
{INFO} myBankApp.dao.impl.bankCustomerDAOImpl	_____________________ 2021-01-13 14:51:55,137 
{INFO} myBankApp.dao.impl.bankCustomerDAOImpl	1 2021-01-13 14:51:55,137 
{INFO} myBankApp.dao.impl.bankCustomerDAOImpl	_____________________ 2021-01-13 14:51:55,137 
{INFO} myBankApp.dao.impl.bankCustomerDAOImpl	 2021-01-13 14:51:55,138 
{INFO} myBankApp.dao.impl.bankCustomerDAOImpl	Which of these accounts are you looking into? 2021-01-13 14:51:55,138 
{INFO} myBankApp.dao.impl.bankCustomerDAOImpl	 2021-01-13 14:51:59,177 
{INFO} myBankApp.dao.impl.bankCustomerDAOImpl	Transaction completed. 2021-01-13 14:51:59,228 
{INFO} myBankApp.dao.impl.bankCustomerDAOImpl	Transaction has been logged. 2021-01-13 14:51:59,228 
{INFO} myBankApp.dao.impl.bankCustomerDAOImpl	 2021-01-13 14:51:59,228 
{INFO} myBankApp.dao.impl.bankCustomerDAOImpl	What is the amount being sent? 2021-01-13 14:51:59,273 
{INFO} myBankApp.dao.impl.bankCustomerDAOImpl	The transfer has been initiated. It will be waiting for acceptance. 2021-01-13 14:52:02,389 
{INFO} myBankApp.dao.impl.bankCustomerDAOImpl	 2021-01-13 14:52:02,389 
{INFO} myBankApp.dao.impl.bankEmployeeDAOImpl	The account has been created. It will be waiting for approval by an employee. 2021-01-13 14:52:16,953 
{INFO} myBankApp.dao.impl.bankEmployeeDAOImpl	Your account number is: 0 2021-01-13 14:52:16,953 
{INFO} myBankApp.dao.impl.bankEmployeeDAOImpl	Congratulations! You successfully created an account! 2021-01-13 14:52:17,062 
{INFO} myBankApp.dao.impl.bankEmployeeDAOImpl	You successfully deleted the user. 2021-01-13 14:52:17,116 
{INFO} myBankApp.dao.impl.bankEmployeeDAOImpl	The account has been created. It will be waiting for approval by an employee. 2021-01-13 14:54:26,822 
{INFO} myBankApp.dao.impl.bankEmployeeDAOImpl	Your account number is: 0 2021-01-13 14:54:26,822 
{INFO} myBankApp.dao.impl.bankEmployeeDAOImpl	The account has been deleted 2021-01-13 14:54:26,873 
{INFO} myBankApp.dao.impl.bankEmployeeDAOImpl	Congratulations! You successfully created an account! 2021-01-13 14:54:26,920 
{INFO} myBankApp.dao.impl.bankEmployeeDAOImpl	You successfully deleted the user. 2021-01-13 14:54:26,970 
{INFO} myBankApp.dao.impl.bankEmployeeDAOImpl	The account has been created. It will be waiting for approval by an employee. 2021-01-13 14:57:16,683 
{INFO} myBankApp.dao.impl.bankEmployeeDAOImpl	Your account number is: 0 2021-01-13 14:57:16,684 
{INFO} myBankApp.dao.impl.bankEmployeeDAOImpl	Congratulations! You successfully created an account! 2021-01-13 14:57:16,788 
{INFO} myBankApp.dao.impl.bankEmployeeDAOImpl	You successfully deleted the user. 2021-01-13 14:57:16,837 
{INFO} myBankApp.dao.impl.bankEmployeeDAOImpl	Is this account to be approved(Enter 1) or rejected(Enter 2)? 2021-01-13 14:59:12,727 
{INFO} myBankApp.dao.impl.bankEmployeeDAOImpl	Account has been approved! 2021-01-13 14:59:19,213 
{INFO} myBankApp.dao.impl.bankEmployeeDAOImpl	The account has been created. It will be waiting for approval by an employee. 2021-01-13 14:59:19,277 
{INFO} myBankApp.dao.impl.bankEmployeeDAOImpl	Your account number is: 0 2021-01-13 14:59:19,277 
{INFO} myBankApp.dao.impl.bankEmployeeDAOImpl	The account has been deleted 2021-01-13 14:59:19,335 
{INFO} myBankApp.dao.impl.bankEmployeeDAOImpl	Congratulations! You successfully created an account! 2021-01-13 14:59:19,495 
{INFO} myBankApp.dao.impl.bankEmployeeDAOImpl	You successfully deleted the user. 2021-01-13 14:59:19,551 
